
The following files have been resolved:
   org.springframework:spring-web:jar:4.3.4.RELEASE:compile
   org.slf4j:jul-to-slf4j:jar:1.7.21:compile
   org.springframework.boot:spring-boot-starter-tomcat:jar:1.4.2.RELEASE:compile
   org.hibernate:hibernate-validator:jar:5.2.4.Final:compile
   org.apache.tomcat.embed:tomcat-embed-el:jar:8.5.6:compile
   org.springframework:spring-aop:jar:4.3.4.RELEASE:compile
   org.springframework:spring-websocket:jar:4.3.4.RELEASE:compile
   org.apache.tomcat.embed:tomcat-embed-websocket:jar:8.5.6:compile
   org.springframework.boot:spring-boot-devtools:jar:1.4.2.RELEASE:compile
   org.yaml:snakeyaml:jar:1.17:runtime
   org.apache.tomcat.embed:tomcat-embed-core:jar:8.5.6:compile
   org.springframework:spring-beans:jar:4.3.4.RELEASE:compile
   org.springframework.boot:spring-boot-starter-logging:jar:1.4.2.RELEASE:compile
   org.slf4j:slf4j-api:jar:1.7.21:compile
   org.springframework:spring-webmvc:jar:4.3.4.RELEASE:compile
   org.springframework.boot:spring-boot-starter-web:jar:1.4.2.RELEASE:compile
   org.springframework:spring-context:jar:4.3.4.RELEASE:compile
   org.springframework:spring-core:jar:4.3.4.RELEASE:compile
   com.fasterxml.jackson.core:jackson-databind:jar:2.8.4:compile
   org.springframework.boot:spring-boot-starter:jar:1.4.2.RELEASE:compile
   ch.qos.logback:logback-classic:jar:1.1.7:compile
   org.springframework.boot:spring-boot-starter-websocket:jar:1.4.2.RELEASE:compile
   org.springframework.boot:spring-boot-autoconfigure:jar:1.4.2.RELEASE:compile
   com.fasterxml.jackson.core:jackson-core:jar:2.8.4:compile
   org.springframework.boot:spring-boot:jar:1.4.2.RELEASE:compile
   org.springframework:spring-expression:jar:4.3.4.RELEASE:compile
   ch.qos.logback:logback-core:jar:1.1.7:compile
   javax.validation:validation-api:jar:1.1.0.Final:compile
   com.fasterxml:classmate:jar:1.3.3:compile
   org.springframework:spring-messaging:jar:4.3.4.RELEASE:compile
   org.slf4j:jcl-over-slf4j:jar:1.7.21:compile
   org.slf4j:log4j-over-slf4j:jar:1.7.21:compile
   org.jboss.logging:jboss-logging:jar:3.3.0.Final:compile
   com.fasterxml.jackson.core:jackson-annotations:jar:2.8.4:compile

